ERROR - 2022-08-09 01:15:35 --> Column 'user_id' cannot be null
CRITICAL - 2022-08-09 01:15:35 --> Column 'user_id' cannot be null
in SYSTEMPATH\Database\MySQLi\Connection.php on line 292.
 1 SYSTEMPATH\Database\MySQLi\Connection.php(292): mysqli->query()
 2 SYSTEMPATH\Database\BaseConnection.php(695): CodeIgniter\Database\MySQLi\Connection->execute()
 3 SYSTEMPATH\Database\BaseConnection.php(609): CodeIgniter\Database\BaseConnection->simpleQuery()
 4 SYSTEMPATH\Database\BaseBuilder.php(1904): CodeIgniter\Database\BaseConnection->query()
 5 SYSTEMPATH\Model.php(278): CodeIgniter\Database\BaseBuilder->insert()
 6 SYSTEMPATH\BaseModel.php(738): CodeIgniter\Model->doInsert()
 7 SYSTEMPATH\Model.php(666): CodeIgniter\BaseModel->insert()
 8 APPPATH\Controllers\Home.php(106): CodeIgniter\Model->insert()
 9 SYSTEMPATH\CodeIgniter.php(896): App\Controllers\Home->addCart()
10 SYSTEMPATH\CodeIgniter.php(466): CodeIgniter\CodeIgniter->runController()
11 SYSTEMPATH\CodeIgniter.php(349): CodeIgniter\CodeIgniter->handleRequest()
12 FCPATH\index.php(55): CodeIgniter\CodeIgniter->run()
13 SYSTEMPATH\Commands\Server\rewrite.php(43): require_once('FCPATH\\index.php')
CRITICAL - 2022-08-09 01:18:17 --> Cannot use object of type stdClass as array
in APPPATH\Controllers\Home.php on line 333.
 1 SYSTEMPATH\CodeIgniter.php(896): App\Controllers\Home->saveProfile()
 2 SYSTEMPATH\CodeIgniter.php(466): CodeIgniter\CodeIgniter->runController()
 3 SYSTEMPATH\CodeIgniter.php(349): CodeIgniter\CodeIgniter->handleRequest()
 4 FCPATH\index.php(55): CodeIgniter\CodeIgniter->run()
 5 SYSTEMPATH\Commands\Server\rewrite.php(43): require_once('FCPATH\\index.php')
CRITICAL - 2022-08-09 01:23:41 --> Cannot use object of type stdClass as array
in APPPATH\Controllers\Home.php on line 337.
 1 SYSTEMPATH\CodeIgniter.php(896): App\Controllers\Home->saveProfile()
 2 SYSTEMPATH\CodeIgniter.php(466): CodeIgniter\CodeIgniter->runController()
 3 SYSTEMPATH\CodeIgniter.php(349): CodeIgniter\CodeIgniter->handleRequest()
 4 FCPATH\index.php(55): CodeIgniter\CodeIgniter->run()
 5 SYSTEMPATH\Commands\Server\rewrite.php(43): require_once('FCPATH\\index.php')
CRITICAL - 2022-08-09 01:24:47 --> unlink(img/avatar/user.png): Resource temporarily unavailable
in APPPATH\Controllers\Home.php on line 344.
 1 [internal function]: CodeIgniter\Debug\Exceptions->errorHandler()
 2 APPPATH\Controllers\Home.php(344): unlink()
 3 SYSTEMPATH\CodeIgniter.php(896): App\Controllers\Home->saveProfile()
 4 SYSTEMPATH\CodeIgniter.php(466): CodeIgniter\CodeIgniter->runController()
 5 SYSTEMPATH\CodeIgniter.php(349): CodeIgniter\CodeIgniter->handleRequest()
 6 FCPATH\index.php(55): CodeIgniter\CodeIgniter->run()
 7 SYSTEMPATH\Commands\Server\rewrite.php(43): require_once('FCPATH\\index.php')
CRITICAL - 2022-08-09 01:24:54 --> unlink(img/avatar/user.png): Resource temporarily unavailable
in APPPATH\Controllers\Home.php on line 344.
 1 [internal function]: CodeIgniter\Debug\Exceptions->errorHandler()
 2 APPPATH\Controllers\Home.php(344): unlink()
 3 SYSTEMPATH\CodeIgniter.php(896): App\Controllers\Home->saveProfile()
 4 SYSTEMPATH\CodeIgniter.php(466): CodeIgniter\CodeIgniter->runController()
 5 SYSTEMPATH\CodeIgniter.php(349): CodeIgniter\CodeIgniter->handleRequest()
 6 FCPATH\index.php(55): CodeIgniter\CodeIgniter->run()
 7 SYSTEMPATH\Commands\Server\rewrite.php(43): require_once('FCPATH\\index.php')
CRITICAL - 2022-08-09 01:28:28 --> unlink(img/avatar/user.png): Resource temporarily unavailable
in APPPATH\Controllers\Home.php on line 344.
 1 [internal function]: CodeIgniter\Debug\Exceptions->errorHandler()
 2 APPPATH\Controllers\Home.php(344): unlink()
 3 SYSTEMPATH\CodeIgniter.php(896): App\Controllers\Home->saveProfile()
 4 SYSTEMPATH\CodeIgniter.php(466): CodeIgniter\CodeIgniter->runController()
 5 SYSTEMPATH\CodeIgniter.php(349): CodeIgniter\CodeIgniter->handleRequest()
 6 FCPATH\index.php(55): CodeIgniter\CodeIgniter->run()
 7 SYSTEMPATH\Commands\Server\rewrite.php(43): require_once('FCPATH\\index.php')
CRITICAL - 2022-08-09 01:28:38 --> unlink(img/avatar/user.png): Resource temporarily unavailable
in APPPATH\Controllers\Home.php on line 344.
 1 [internal function]: CodeIgniter\Debug\Exceptions->errorHandler()
 2 APPPATH\Controllers\Home.php(344): unlink()
 3 SYSTEMPATH\CodeIgniter.php(896): App\Controllers\Home->saveProfile()
 4 SYSTEMPATH\CodeIgniter.php(466): CodeIgniter\CodeIgniter->runController()
 5 SYSTEMPATH\CodeIgniter.php(349): CodeIgniter\CodeIgniter->handleRequest()
 6 FCPATH\index.php(55): CodeIgniter\CodeIgniter->run()
 7 SYSTEMPATH\Commands\Server\rewrite.php(43): require_once('FCPATH\\index.php')
CRITICAL - 2022-08-09 01:29:28 --> unlink(/img/avatar/user.png): No such file or directory
in APPPATH\Controllers\Home.php on line 344.
 1 [internal function]: CodeIgniter\Debug\Exceptions->errorHandler()
 2 APPPATH\Controllers\Home.php(344): unlink()
 3 SYSTEMPATH\CodeIgniter.php(896): App\Controllers\Home->saveProfile()
 4 SYSTEMPATH\CodeIgniter.php(466): CodeIgniter\CodeIgniter->runController()
 5 SYSTEMPATH\CodeIgniter.php(349): CodeIgniter\CodeIgniter->handleRequest()
 6 FCPATH\index.php(55): CodeIgniter\CodeIgniter->run()
 7 SYSTEMPATH\Commands\Server\rewrite.php(43): require_once('FCPATH\\index.php')
CRITICAL - 2022-08-09 01:29:40 --> unlink(front-end/img/avatar/user.png): No such file or directory
in APPPATH\Controllers\Home.php on line 344.
 1 [internal function]: CodeIgniter\Debug\Exceptions->errorHandler()
 2 APPPATH\Controllers\Home.php(344): unlink()
 3 SYSTEMPATH\CodeIgniter.php(896): App\Controllers\Home->saveProfile()
 4 SYSTEMPATH\CodeIgniter.php(466): CodeIgniter\CodeIgniter->runController()
 5 SYSTEMPATH\CodeIgniter.php(349): CodeIgniter\CodeIgniter->handleRequest()
 6 FCPATH\index.php(55): CodeIgniter\CodeIgniter->run()
 7 SYSTEMPATH\Commands\Server\rewrite.php(43): require_once('FCPATH\\index.php')
CRITICAL - 2022-08-09 01:30:40 --> unlink(front-end/img/avatar/user.png): No such file or directory
in APPPATH\Controllers\Home.php on line 344.
 1 [internal function]: CodeIgniter\Debug\Exceptions->errorHandler()
 2 APPPATH\Controllers\Home.php(344): unlink()
 3 SYSTEMPATH\CodeIgniter.php(896): App\Controllers\Home->saveProfile()
 4 SYSTEMPATH\CodeIgniter.php(466): CodeIgniter\CodeIgniter->runController()
 5 SYSTEMPATH\CodeIgniter.php(349): CodeIgniter\CodeIgniter->handleRequest()
 6 FCPATH\index.php(55): CodeIgniter\CodeIgniter->run()
 7 SYSTEMPATH\Commands\Server\rewrite.php(43): require_once('FCPATH\\index.php')
CRITICAL - 2022-08-09 01:30:51 --> unlink(img/avatar/user.png): Resource temporarily unavailable
in APPPATH\Controllers\Home.php on line 344.
 1 [internal function]: CodeIgniter\Debug\Exceptions->errorHandler()
 2 APPPATH\Controllers\Home.php(344): unlink()
 3 SYSTEMPATH\CodeIgniter.php(896): App\Controllers\Home->saveProfile()
 4 SYSTEMPATH\CodeIgniter.php(466): CodeIgniter\CodeIgniter->runController()
 5 SYSTEMPATH\CodeIgniter.php(349): CodeIgniter\CodeIgniter->handleRequest()
 6 FCPATH\index.php(55): CodeIgniter\CodeIgniter->run()
 7 SYSTEMPATH\Commands\Server\rewrite.php(43): require_once('FCPATH\\index.php')
CRITICAL - 2022-08-09 01:31:38 --> unlink(../img/avatar/user.png): No such file or directory
in APPPATH\Controllers\Home.php on line 344.
 1 [internal function]: CodeIgniter\Debug\Exceptions->errorHandler()
 2 APPPATH\Controllers\Home.php(344): unlink()
 3 SYSTEMPATH\CodeIgniter.php(896): App\Controllers\Home->saveProfile()
 4 SYSTEMPATH\CodeIgniter.php(466): CodeIgniter\CodeIgniter->runController()
 5 SYSTEMPATH\CodeIgniter.php(349): CodeIgniter\CodeIgniter->handleRequest()
 6 FCPATH\index.php(55): CodeIgniter\CodeIgniter->run()
 7 SYSTEMPATH\Commands\Server\rewrite.php(43): require_once('FCPATH\\index.php')
CRITICAL - 2022-08-09 01:32:39 --> unlink(img/avatar/user.png): Resource temporarily unavailable
in APPPATH\Controllers\Home.php on line 344.
 1 [internal function]: CodeIgniter\Debug\Exceptions->errorHandler()
 2 APPPATH\Controllers\Home.php(344): unlink()
 3 SYSTEMPATH\CodeIgniter.php(896): App\Controllers\Home->saveProfile()
 4 SYSTEMPATH\CodeIgniter.php(466): CodeIgniter\CodeIgniter->runController()
 5 SYSTEMPATH\CodeIgniter.php(349): CodeIgniter\CodeIgniter->handleRequest()
 6 FCPATH\index.php(55): CodeIgniter\CodeIgniter->run()
 7 SYSTEMPATH\Commands\Server\rewrite.php(43): require_once('FCPATH\\index.php')
CRITICAL - 2022-08-09 01:35:53 --> unlink(): http does not allow unlinking
in APPPATH\Controllers\Home.php on line 344.
 1 [internal function]: CodeIgniter\Debug\Exceptions->errorHandler()
 2 APPPATH\Controllers\Home.php(344): unlink()
 3 SYSTEMPATH\CodeIgniter.php(896): App\Controllers\Home->saveProfile()
 4 SYSTEMPATH\CodeIgniter.php(466): CodeIgniter\CodeIgniter->runController()
 5 SYSTEMPATH\CodeIgniter.php(349): CodeIgniter\CodeIgniter->handleRequest()
 6 FCPATH\index.php(55): CodeIgniter\CodeIgniter->run()
 7 SYSTEMPATH\Commands\Server\rewrite.php(43): require_once('FCPATH\\index.php')
CRITICAL - 2022-08-09 01:36:08 --> unlink(): http does not allow unlinking
in APPPATH\Controllers\Home.php on line 344.
 1 [internal function]: CodeIgniter\Debug\Exceptions->errorHandler()
 2 APPPATH\Controllers\Home.php(344): unlink()
 3 SYSTEMPATH\CodeIgniter.php(896): App\Controllers\Home->saveProfile()
 4 SYSTEMPATH\CodeIgniter.php(466): CodeIgniter\CodeIgniter->runController()
 5 SYSTEMPATH\CodeIgniter.php(349): CodeIgniter\CodeIgniter->handleRequest()
 6 FCPATH\index.php(55): CodeIgniter\CodeIgniter->run()
 7 SYSTEMPATH\Commands\Server\rewrite.php(43): require_once('FCPATH\\index.php')
CRITICAL - 2022-08-09 01:49:35 --> unlink(img/avatar/user.png): Resource temporarily unavailable
in APPPATH\Controllers\Home.php on line 344.
 1 [internal function]: CodeIgniter\Debug\Exceptions->errorHandler()
 2 APPPATH\Controllers\Home.php(344): unlink()
 3 SYSTEMPATH\CodeIgniter.php(896): App\Controllers\Home->saveProfile()
 4 SYSTEMPATH\CodeIgniter.php(466): CodeIgniter\CodeIgniter->runController()
 5 SYSTEMPATH\CodeIgniter.php(349): CodeIgniter\CodeIgniter->handleRequest()
 6 FCPATH\index.php(55): CodeIgniter\CodeIgniter->run()
 7 SYSTEMPATH\Commands\Server\rewrite.php(43): require_once('FCPATH\\index.php')
CRITICAL - 2022-08-09 01:53:55 --> There is no data to update.
in SYSTEMPATH\BaseModel.php on line 1576.
 1 SYSTEMPATH\BaseModel.php(1576): CodeIgniter\Database\Exceptions\DataException::forEmptyDataset()
 2 SYSTEMPATH\BaseModel.php(832): CodeIgniter\BaseModel->transformDataToArray()
 3 SYSTEMPATH\Model.php(692): CodeIgniter\BaseModel->update()
 4 APPPATH\Controllers\Home.php(365): CodeIgniter\Model->update()
 5 SYSTEMPATH\CodeIgniter.php(896): App\Controllers\Home->saveProfile()
 6 SYSTEMPATH\CodeIgniter.php(466): CodeIgniter\CodeIgniter->runController()
 7 SYSTEMPATH\CodeIgniter.php(349): CodeIgniter\CodeIgniter->handleRequest()
 8 FCPATH\index.php(55): CodeIgniter\CodeIgniter->run()
 9 SYSTEMPATH\Commands\Server\rewrite.php(43): require_once('FCPATH\\index.php')
CRITICAL - 2022-08-09 01:54:30 --> There is no data to update.
in SYSTEMPATH\BaseModel.php on line 1576.
 1 SYSTEMPATH\BaseModel.php(1576): CodeIgniter\Database\Exceptions\DataException::forEmptyDataset()
 2 SYSTEMPATH\BaseModel.php(832): CodeIgniter\BaseModel->transformDataToArray()
 3 SYSTEMPATH\Model.php(692): CodeIgniter\BaseModel->update()
 4 APPPATH\Controllers\Home.php(365): CodeIgniter\Model->update()
 5 SYSTEMPATH\CodeIgniter.php(896): App\Controllers\Home->saveProfile()
 6 SYSTEMPATH\CodeIgniter.php(466): CodeIgniter\CodeIgniter->runController()
 7 SYSTEMPATH\CodeIgniter.php(349): CodeIgniter\CodeIgniter->handleRequest()
 8 FCPATH\index.php(55): CodeIgniter\CodeIgniter->run()
 9 SYSTEMPATH\Commands\Server\rewrite.php(43): require_once('FCPATH\\index.php')
ERROR - 2022-08-09 01:54:54 --> You have an error in your SQL syntax; check the manual that corresponds to your MariaDB server version for the right syntax to use near ':first_name:, `last_name` = :last_name:, `telephone` = :telephone:, `email` =...' at line 1
CRITICAL - 2022-08-09 01:54:54 --> You have an error in your SQL syntax; check the manual that corresponds to your MariaDB server version for the right syntax to use near ':first_name:, `last_name` = :last_name:, `telephone` = :telephone:, `email` =...' at line 1
in SYSTEMPATH\Database\MySQLi\Connection.php on line 292.
 1 SYSTEMPATH\Database\MySQLi\Connection.php(292): mysqli->query()
 2 SYSTEMPATH\Database\BaseConnection.php(695): CodeIgniter\Database\MySQLi\Connection->execute()
 3 SYSTEMPATH\Database\BaseConnection.php(609): CodeIgniter\Database\BaseConnection->simpleQuery()
 4 SYSTEMPATH\Database\BaseBuilder.php(2046): CodeIgniter\Database\BaseConnection->query()
 5 APPPATH\Controllers\Home.php(365): CodeIgniter\Database\BaseBuilder->update()
 6 SYSTEMPATH\CodeIgniter.php(896): App\Controllers\Home->saveProfile()
 7 SYSTEMPATH\CodeIgniter.php(466): CodeIgniter\CodeIgniter->runController()
 8 SYSTEMPATH\CodeIgniter.php(349): CodeIgniter\CodeIgniter->handleRequest()
 9 FCPATH\index.php(55): CodeIgniter\CodeIgniter->run()
10 SYSTEMPATH\Commands\Server\rewrite.php(43): require_once('FCPATH\\index.php')
ERROR - 2022-08-09 01:55:05 --> You have an error in your SQL syntax; check the manual that corresponds to your MariaDB server version for the right syntax to use near ':first_name:, `last_name` = :last_name:, `telephone` = :telephone:, `email` =...' at line 1
CRITICAL - 2022-08-09 01:55:05 --> You have an error in your SQL syntax; check the manual that corresponds to your MariaDB server version for the right syntax to use near ':first_name:, `last_name` = :last_name:, `telephone` = :telephone:, `email` =...' at line 1
in SYSTEMPATH\Database\MySQLi\Connection.php on line 292.
 1 SYSTEMPATH\Database\MySQLi\Connection.php(292): mysqli->query()
 2 SYSTEMPATH\Database\BaseConnection.php(695): CodeIgniter\Database\MySQLi\Connection->execute()
 3 SYSTEMPATH\Database\BaseConnection.php(609): CodeIgniter\Database\BaseConnection->simpleQuery()
 4 SYSTEMPATH\Database\BaseBuilder.php(2046): CodeIgniter\Database\BaseConnection->query()
 5 APPPATH\Controllers\Home.php(365): CodeIgniter\Database\BaseBuilder->update()
 6 SYSTEMPATH\CodeIgniter.php(896): App\Controllers\Home->saveProfile()
 7 SYSTEMPATH\CodeIgniter.php(466): CodeIgniter\CodeIgniter->runController()
 8 SYSTEMPATH\CodeIgniter.php(349): CodeIgniter\CodeIgniter->handleRequest()
 9 FCPATH\index.php(55): CodeIgniter\CodeIgniter->run()
10 SYSTEMPATH\Commands\Server\rewrite.php(43): require_once('FCPATH\\index.php')
